 _  _____    _    
| |/ /_ _|  / \   
| ' / | |  / _ \  
| . \ | | / ___ \ 
|_|\_\___/_/   \_\
                  
20240711 14:47:04 SUDDEN!!!
20240711 14:47:07 SUDDEN!!!
20240711 14:47:10 SUDDEN!!!
20240711 14:47:13 SUDDEN!!!
20240711 14:47:16 SUDDEN!!!
20240711 14:47:19 SUDDEN!!!
20240711 14:47:22 SUDDEN!!!
20240711 14:47:25 SUDDEN!!!
20240711 14:47:28 SUDDEN!!!
20240711 14:47:31 SUDDEN!!!
20240711 14:47:34 SUDDEN!!!
20240711 14:47:37 SUDDEN!!!
20240711 14:47:40 SUDDEN!!!
20240711 14:47:43 SUDDEN!!!
20240711 14:47:46 Check
20240711 14:47:49 Check
20240711 14:47:52 Check
20240711 14:47:55 Check
20240711 14:47:58 Check
20240711 14:48:01 Check
20240711 14:48:04 Check
20240711 14:48:07 Check
20240711 14:48:10 Check
20240711 14:48:13 Check
20240711 14:48:16 Check
20240711 14:48:19 Check
20240711 14:48:22 Check
20240711 14:48:25 Check
20240711 14:48:28 Check
20240711 14:48:31 Check
20240711 14:48:34 Check
20240711 14:48:37 Check
20240711 14:48:40 Check
20240711 14:48:43 Check
20240711 14:48:46 Check
20240711 14:48:49 Check
20240711 14:48:52 Check
20240711 14:48:55 Check
20240711 14:48:58 Check
20240711 14:49:01 Check
20240711 14:49:04 Check
20240711 14:49:07 Check
20240711 14:49:10 Check
20240711 14:49:13 Check
20240711 14:49:16 Check
20240711 14:49:19 Check
20240711 14:49:22 Check
20240711 14:49:25 Check
20240711 14:49:28 Check
20240711 14:49:31 Check
20240711 14:49:34 Check
20240711 14:49:37 Check
20240711 14:49:40 Check
20240711 14:49:43 Check
20240711 14:49:46 Check
20240711 14:49:49 Check
20240711 14:49:52 Check
20240711 14:49:55 Check
20240711 14:49:58 Check
20240711 14:50:01 Check
20240711 14:50:04 Check
20240711 14:50:07 Check
20240711 14:50:10 Check
20240711 14:50:13 Check
20240711 14:50:16 Check
20240711 14:50:19 Check
20240711 14:50:22 Check
20240711 14:50:25 Check
20240711 14:50:28 Check
20240711 14:50:31 Check
20240711 14:50:34 Check
20240711 14:50:37 Check
20240711 14:50:40 Check
20240711 14:50:43 Check
20240711 14:50:46 Check
20240711 14:50:49 Check
20240711 14:50:52 Check
20240711 14:50:55 Check
20240711 14:50:58 Check
20240711 14:51:01 Check
20240711 14:51:04 Check
20240711 14:51:07 Check
20240711 14:51:10 Check
20240711 14:51:13 Check
20240711 14:51:16 Check
20240711 14:51:19 Check
20240711 14:51:22 Check
20240711 14:51:25 Check
20240711 14:51:28 Check
20240711 14:51:31 Check
20240711 14:51:34 Check
20240711 14:51:37 Check
20240711 14:51:40 Check
20240711 14:51:43 Check
20240711 14:51:46 Check
20240711 14:51:49 Check
20240711 14:51:52 Check
20240711 14:51:55 Check
20240711 14:51:58 Check
20240711 14:52:01 Check
20240711 14:52:04 Check
20240711 14:52:07 Check
20240711 14:52:10 Check
20240711 14:52:13 Check
20240711 14:52:16 Check
20240711 14:52:19 Check
20240711 14:52:22 Check
20240711 14:52:25 Check
20240711 14:52:28 Check
20240711 14:52:31 Check
20240711 14:52:34 Check
20240711 14:52:37 Check
20240711 14:52:40 Check
20240711 14:52:43 Check
20240711 14:52:46 Check
20240711 14:52:49 Check
20240711 14:52:52 Check
20240711 14:52:55 Check
20240711 14:52:58 Check
20240711 14:53:01 Check
20240711 14:53:04 Check
20240711 14:53:07 Check
20240711 14:53:10 Check
20240711 14:53:13 Check
20240711 14:53:16 Check
20240711 14:53:19 Check
20240711 14:53:22 Check
20240711 14:53:25 Check
20240711 14:53:28 Check
20240711 14:53:31 Check
20240711 14:53:34 Check
20240711 14:53:37 Check
20240711 14:53:40 Check
20240711 14:53:43 Check
20240711 14:53:47 Check
20240711 14:53:50 Check
20240711 14:53:53 Check
20240711 14:53:56 Check
20240711 14:53:59 Check
20240711 14:54:02 Check
20240711 14:54:05 Check
20240711 14:54:08 Check
20240711 14:54:11 Check
20240711 14:54:14 Check
20240711 14:54:17 Check
20240711 14:54:20 Check
20240711 14:54:23 Check
20240711 14:54:26 Check
20240711 14:54:29 Check
20240711 14:54:32 Check
20240711 14:54:35 Check
20240711 14:54:38 Check
20240711 14:54:41 Check
20240711 14:54:44 Check
20240711 14:54:47 Check
20240711 14:54:50 Check
20240711 14:54:53 Check
20240711 14:54:56 Check
20240711 14:54:59 Check
20240711 14:55:02 Check
20240711 14:55:05 Check
20240711 14:55:08 Check
20240711 14:55:11 Check
20240711 14:55:14 Check
20240711 14:55:17 Check
20240711 14:55:20 Check
20240711 14:55:23 Check
20240711 14:55:26 Check
20240711 14:55:29 Check
20240711 14:55:32 Check
20240711 14:55:35 Check
20240711 14:55:38 Check
20240711 14:55:41 Check
20240711 14:55:44 Check
20240711 14:55:47 Check
20240711 14:55:50 Check
20240711 14:55:53 Check
20240711 14:55:56 Check
20240711 14:55:59 Check
20240711 14:56:02 Check
20240711 14:56:05 Check
20240711 14:56:08 Check
20240711 14:56:11 Check
20240711 14:56:14 Check
20240711 14:56:17 Check
20240711 14:56:20 Check
20240711 14:56:23 Check
20240711 14:56:26 Check
20240711 14:56:29 Check
20240711 14:56:32 Check
20240711 14:56:35 Check
20240711 14:56:38 Check
20240711 14:56:41 Check
20240711 14:56:44 Check
20240711 14:56:47 Check
20240711 14:56:50 Check
20240711 14:56:53 Check
20240711 14:56:56 Check
20240711 14:56:59 Check
20240711 14:57:02 Check
20240711 14:57:05 Check
20240711 14:57:08 Check
20240711 14:57:11 Check
20240711 14:57:14 Check
20240711 14:57:17 Check
20240711 14:57:20 Check
20240711 14:57:23 Check
20240711 14:57:26 Check
20240711 14:57:29 Check
20240711 14:57:32 Check
20240711 14:57:35 Check
20240711 14:57:38 Check
20240711 14:57:41 Check
20240711 14:57:44 Check
20240711 14:57:47 Check
20240711 14:57:50 Check
20240711 14:57:53 Check
20240711 14:57:56 Check
20240711 14:57:59 Check
20240711 14:58:02 Check
20240711 14:58:05 Check
20240711 14:58:08 Check
20240711 14:58:11 Check
20240711 14:58:14 Check
20240711 14:58:17 Check
20240711 14:58:20 Check
20240711 14:58:23 Check
20240711 14:58:26 Check
20240711 14:58:29 Check
20240711 14:58:32 Check
20240711 14:58:35 Check
20240711 14:58:38 Check
20240711 14:58:41 Check
20240711 14:58:44 Check
20240711 14:58:47 Check
20240711 14:58:50 Check
20240711 14:58:53 Check
20240711 14:58:56 Check
20240711 14:58:59 Check
20240711 14:59:02 Check
20240711 14:59:05 Check
20240711 14:59:08 Check
20240711 14:59:11 Check
20240711 14:59:14 Check
20240711 14:59:17 Check
20240711 14:59:20 Check
20240711 14:59:23 Check
20240711 14:59:26 Check
20240711 14:59:29 Check
20240711 14:59:32 Check
20240711 14:59:35 Check
20240711 14:59:38 Check
20240711 14:59:41 Check
20240711 14:59:44 Check
20240711 14:59:47 Check
20240711 14:59:50 Check
20240711 14:59:53 Check
20240711 14:59:56 Check
20240711 14:59:59 Check
20240711 15:00:02 Check
20240711 15:00:05 Check
20240711 15:00:08 Check
20240711 15:00:11 Check
20240711 15:00:14 Check
20240711 15:00:17 Check
20240711 15:00:20 Check
20240711 15:00:23 Check
20240711 15:00:26 Check
20240711 15:00:29 Check
20240711 15:00:32 Check
20240711 15:00:35 Check
20240711 15:00:38 Check
20240711 15:00:41 Check
20240711 15:00:44 Check
20240711 15:00:47 Check
20240711 15:00:50 Check
20240711 15:00:53 Check
20240711 15:00:56 Check
20240711 15:00:59 Check
20240711 15:01:02 Check
20240711 15:01:05 Check
20240711 15:01:08 Check
20240711 15:01:11 Check
20240711 15:01:14 Check
20240711 15:01:17 Check
20240711 15:01:20 Check
20240711 15:01:23 Check
20240711 15:01:26 Check
20240711 15:01:29 Check
20240711 15:01:32 Check
20240711 15:01:35 Check
20240711 15:01:38 Check
20240711 15:01:41 Check
20240711 15:01:44 Check
20240711 15:01:47 Check
20240711 15:01:50 Check
20240711 15:01:53 Check
20240711 15:01:56 Check
20240711 15:01:59 Check
20240711 15:02:02 Check
20240711 15:02:05 Check
20240711 15:02:08 Check
20240711 15:02:11 Check
20240711 15:02:14 Check
20240711 15:02:17 Check
20240711 15:02:20 Check
20240711 15:02:23 Check
20240711 15:02:26 Check
20240711 15:02:29 Check
20240711 15:02:32 Check
20240711 15:02:35 Check
20240711 15:02:38 Check
20240711 15:02:41 Check
20240711 15:02:44 Check
20240711 15:02:47 Check
20240711 15:02:50 Check
20240711 15:02:53 Check
20240711 15:02:56 Check
20240711 15:02:59 Check
20240711 15:03:02 Check
20240711 15:03:05 Check
20240711 15:03:08 Check
20240711 15:03:11 Check
20240711 15:03:14 Check
20240711 15:03:17 Check
20240711 15:03:20 Check
20240711 15:03:23 Check
20240711 15:03:26 Check
20240711 15:03:29 Check
20240711 15:03:32 Check
20240711 15:03:35 Check
20240711 15:03:38 Check
20240711 15:03:41 Check
20240711 15:03:44 Check
20240711 15:03:47 Check
20240711 15:03:50 Check
20240711 15:03:53 Check
20240711 15:03:56 Check
20240711 15:03:59 Check
20240711 15:04:02 Check
20240711 15:04:05 Check
20240711 15:04:08 Check
20240711 15:04:11 Check
20240711 15:04:14 Check
20240711 15:04:17 Check
20240711 15:04:20 Check
20240711 15:04:23 Check
20240711 15:04:26 Check
20240711 15:04:29 Check
20240711 15:04:32 Check
20240711 15:04:35 Check
20240711 15:04:38 Check
20240711 15:04:41 Check
20240711 15:04:44 Check
20240711 15:04:47 Check
20240711 15:04:50 Check
20240711 15:04:53 Check
20240711 15:04:56 Check
20240711 15:04:59 Check
20240711 15:05:02 Check
20240711 15:05:05 Check
20240711 15:05:08 Check
20240711 15:05:11 Check
20240711 15:05:14 Check
20240711 15:05:17 Check
20240711 15:05:20 Check
20240711 15:05:23 Check
20240711 15:05:26 Check
20240711 15:05:29 Check
20240711 15:05:32 Check
20240711 15:05:35 Check
20240711 15:05:38 Check
20240711 15:05:41 Check
20240711 15:05:44 Check
20240711 15:05:47 Check
20240711 15:05:50 Check
20240711 15:05:53 Check
20240711 15:05:56 Check
20240711 15:05:59 Check
20240711 15:06:02 Check
20240711 15:06:05 Check
20240711 15:06:08 Check
20240711 15:06:11 Check
20240711 15:06:14 Check
20240711 15:06:17 Check
20240711 15:06:20 Check
20240711 15:06:23 Check
20240711 15:06:26 Check
20240711 15:06:29 Check
20240711 15:06:32 Check
20240711 15:06:35 Check
20240711 15:06:38 Check
20240711 15:06:41 Check
20240711 15:06:44 Check
20240711 15:06:48 Check
20240711 15:06:51 Check
20240711 15:06:54 Check
20240711 15:06:57 Check
20240711 15:07:00 Check
20240711 15:07:03 Check
20240711 15:07:06 Check
20240711 15:07:09 Check
20240711 15:07:12 Check
20240711 15:07:15 Check
20240711 15:07:18 Check
20240711 15:07:21 Check
20240711 15:07:24 Check
20240711 15:07:27 Check
20240711 15:07:30 Check
20240711 15:07:33 Check
20240711 15:07:36 Check
20240711 15:07:39 Check
20240711 15:07:42 Check
20240711 15:07:45 Check
20240711 15:07:48 Check
20240711 15:07:51 Check
20240711 15:07:54 Check
20240711 15:07:57 Check
20240711 15:08:00 Check
20240711 15:08:03 Check
20240711 15:08:06 Check
20240711 15:08:09 Check
20240711 15:08:12 Check
20240711 15:08:15 Check
20240711 15:08:18 Check
20240711 15:08:21 Check
20240711 15:08:24 Check
20240711 15:08:27 Check
20240711 15:08:30 Check
20240711 15:08:33 Check
20240711 15:08:36 Check
20240711 15:08:39 Check
20240711 15:08:42 Check
20240711 15:08:45 Check
20240711 15:08:48 Check
20240711 15:08:51 Check
20240711 15:08:54 Check
20240711 15:08:57 Check
20240711 15:09:00 Check
20240711 15:09:03 Check
20240711 15:09:06 Check
20240711 15:09:09 Check
20240711 15:09:12 Check
20240711 15:09:15 Check
20240711 15:09:18 Check
20240711 15:09:21 Check
20240711 15:09:24 Check
20240711 15:09:27 Check
20240711 15:09:30 Check
20240711 15:09:33 Check
20240711 15:09:36 Check
20240711 15:09:39 Check
20240711 15:09:42 Check
20240711 15:09:45 Check
20240711 15:09:48 Check
20240711 15:09:51 Check
20240711 15:09:54 Check
20240711 15:09:57 Check
20240711 15:10:00 Check
20240711 15:10:03 Check
20240711 15:10:06 Check
20240711 15:10:09 Check
20240711 15:10:12 Check
20240711 15:10:15 Check
20240711 15:10:18 Check
20240711 15:10:21 Check
20240711 15:10:24 Check
20240711 15:10:27 Check
20240711 15:10:30 Check
20240711 15:10:33 Check
20240711 15:10:36 Check
20240711 15:10:39 Check
20240711 15:10:42 Check
20240711 15:10:45 Check
20240711 15:10:48 Check
20240711 15:10:51 Check
20240711 15:10:54 Check
20240711 15:10:57 Check
20240711 15:11:00 Check
20240711 15:11:03 Check
20240711 15:11:06 Check
20240711 15:11:09 Check
20240711 15:11:12 Check
20240711 15:11:15 Check
20240711 15:11:18 Check
20240711 15:11:21 Check
20240711 15:11:24 Check
20240711 15:11:27 Check
20240711 15:11:30 Check
20240711 15:11:33 Check
20240711 15:11:36 Check
20240711 15:11:39 Check
20240711 15:11:42 Check
20240711 15:11:45 Check
20240711 15:11:48 Check
20240711 15:11:51 Check
20240711 15:11:54 Check
20240711 15:11:57 Check
20240711 15:12:00 Check
20240711 15:12:03 Check
20240711 15:12:06 Check
20240711 15:12:09 Check
20240711 15:12:12 Check
20240711 15:12:15 Check
20240711 15:12:18 Check
20240711 15:12:21 Check
20240711 15:12:24 Check
20240711 15:12:27 Check
20240711 15:12:30 Check
20240711 15:12:33 Check
20240711 15:12:36 Check
20240711 15:12:39 Check
20240711 15:12:42 Check
20240711 15:12:45 Check
20240711 15:12:48 Check
20240711 15:12:51 Check
20240711 15:12:54 Check
20240711 15:12:57 Check
20240711 15:13:00 Check
20240711 15:13:03 Check
20240711 15:13:06 Check
20240711 15:13:09 Check
20240711 15:13:12 Check
20240711 15:13:15 Check
20240711 15:13:18 Check
20240711 15:13:21 Check
20240711 15:13:24 Check
20240711 15:13:27 Check
20240711 15:13:30 Check
20240711 15:13:33 Check
20240711 15:13:36 Check
20240711 15:13:39 Check
20240711 15:13:42 Check
20240711 15:13:45 Check
20240711 15:13:48 Check
20240711 15:13:51 Check
20240711 15:13:54 Check
20240711 15:13:57 Check
20240711 15:14:00 Check
20240711 15:14:03 Check
20240711 15:14:06 Check
20240711 15:14:09 Check
20240711 15:14:12 Check
20240711 15:14:15 Check
20240711 15:14:18 Check
20240711 15:14:21 Check
20240711 15:14:24 Check
20240711 15:14:27 Check
20240711 15:14:30 Check
20240711 15:14:33 Check
20240711 15:14:36 Check
20240711 15:14:39 Check
20240711 15:14:42 Check
20240711 15:14:45 Check
20240711 15:14:48 Check
20240711 15:14:51 Check
20240711 15:14:54 Check
20240711 15:14:57 Check
20240711 15:15:00 Check
20240711 15:15:03 Check
20240711 15:15:06 Check
20240711 15:15:09 Check
20240711 15:15:12 Check
20240711 15:15:15 Check
20240711 15:15:18 Check
20240711 15:15:21 Check
20240711 15:15:24 Check
20240711 15:15:27 Check
20240711 15:15:30 Check
20240711 15:15:33 Check
20240711 15:15:36 Check
20240711 15:15:39 Check
20240711 15:15:42 Check
20240711 15:15:45 Check
20240711 15:15:48 Check
20240711 15:15:51 Check
20240711 15:15:54 Check
20240711 15:15:57 Check
20240711 15:16:00 Check
20240711 15:16:03 Check
20240711 15:16:06 Check
20240711 15:16:09 Check
20240711 15:16:12 Check
20240711 15:16:15 Check
20240711 15:16:18 Check
20240711 15:16:21 Check
20240711 15:16:24 Check
20240711 15:16:27 Check
20240711 15:16:30 Check
20240711 15:16:33 Check
20240711 15:16:36 Check
20240711 15:16:39 Check
20240711 15:16:42 Check
20240711 15:16:45 Check
20240711 15:16:48 Check
20240711 15:16:51 Check
20240711 15:16:54 Check
20240711 15:16:57 Check
20240711 15:17:00 Check
20240711 15:17:03 Check
20240711 15:17:06 Check
20240711 15:17:09 Check
20240711 15:17:12 Check
20240711 15:17:15 Check
20240711 15:17:18 Check
20240711 15:17:21 Check
20240711 15:17:24 Check
20240711 15:17:27 Check
20240711 15:17:30 Check
20240711 15:17:33 Check
20240711 15:17:36 Check
20240711 15:17:39 Check
20240711 15:17:42 Check
20240711 15:17:45 Check
20240711 15:17:48 Check
20240711 15:17:51 Check
20240711 15:17:54 Check
20240711 15:17:57 Check
20240711 15:18:00 Check
20240711 15:18:03 Check
20240711 15:18:06 Check
20240711 15:18:09 Check
20240711 15:18:12 Check
20240711 15:18:15 Check
20240711 15:18:18 Check
20240711 15:18:21 Check
20240711 15:18:24 Check
20240711 15:18:27 Check
20240711 15:18:30 Check
20240711 15:18:33 Check
20240711 15:18:36 Check
20240711 15:18:40 Check
20240711 15:18:43 Check
20240711 15:18:46 Check
20240711 15:18:49 Check
20240711 15:18:52 Check
20240711 15:18:55 Check
20240711 15:18:58 Check
20240711 15:19:01 Check
20240711 15:19:04 Check
20240711 15:19:07 Check
20240711 15:19:10 Check
20240711 15:19:13 Check
20240711 15:19:16 Check
20240711 15:19:19 Check
20240711 15:19:22 Check
20240711 15:19:25 Check
20240711 15:19:28 Check
20240711 15:19:31 Check
20240711 15:19:34 Check
20240711 15:19:37 Check
20240711 15:19:40 Check
20240711 15:19:43 Check
20240711 15:19:46 Check
20240711 15:19:49 Check
20240711 15:19:52 Check
20240711 15:19:55 Check
20240711 15:19:58 Check
20240711 15:20:01 Check
20240711 15:20:04 Check
20240711 15:20:07 Check
20240711 15:20:10 Check
20240711 15:20:13 Check
20240711 15:20:16 Check
20240711 15:20:19 Check
20240711 15:20:22 Check
20240711 15:20:25 Check
20240711 15:20:28 Check
20240711 15:20:31 Check
20240711 15:20:34 Check
20240711 15:20:37 Check
20240711 15:20:40 Check
20240711 15:20:43 Check
20240711 15:20:46 Check
20240711 15:20:49 Check
20240711 15:20:52 Check
20240711 15:20:55 Check
20240711 15:20:58 Check
20240711 15:21:01 Check
20240711 15:21:04 Check
20240711 15:21:07 Check
20240711 15:21:10 Check
20240711 15:21:13 Check
20240711 15:21:16 Check
20240711 15:21:19 Check
20240711 15:21:22 Check
20240711 15:21:25 Check
20240711 15:21:28 Check
20240711 15:21:31 Check
20240711 15:21:34 Check
20240711 15:21:37 Check
20240711 15:21:40 Check
20240711 15:21:43 Check
20240711 15:21:46 Check
20240711 15:21:49 Check
20240711 15:21:52 Check
20240711 15:21:55 Check
20240711 15:21:58 Check
20240711 15:22:01 Check
20240711 15:22:04 Check
20240711 15:22:07 Check
20240711 15:22:10 Check
20240711 15:22:13 Check
20240711 15:22:16 Check
20240711 15:22:19 Check
20240711 15:22:22 Check
20240711 15:22:25 Check
20240711 15:22:28 Check
20240711 15:22:31 Check
20240711 15:22:34 Check
20240711 15:22:37 Check
20240711 15:22:40 Check
20240711 15:22:43 Check
20240711 15:22:46 Check
20240711 15:22:49 Check
20240711 15:22:52 Check
20240711 15:22:55 Check
20240711 15:22:58 Check
20240711 15:23:01 Check
20240711 15:23:04 Check
20240711 15:23:07 Check
20240711 15:23:10 Check
20240711 15:23:13 Check
20240711 15:23:16 Check
20240711 15:23:19 Check
20240711 15:23:22 Check
20240711 15:23:25 Check
20240711 15:23:28 Check
20240711 15:23:31 Check
20240711 15:23:34 Check
20240711 15:23:37 Check
20240711 15:23:40 Check
20240711 15:23:43 Check
20240711 15:23:46 Check
20240711 15:23:49 Check
20240711 15:23:52 Check
20240711 15:23:55 Check
20240711 15:23:58 Check
20240711 15:24:01 Check
20240711 15:24:04 Check
20240711 15:24:07 Check
20240711 15:24:10 Check
20240711 15:24:13 Check
20240711 15:24:16 Check
20240711 15:24:19 Check
20240711 15:24:22 Check
20240711 15:24:25 Check
20240711 15:24:28 Check
20240711 15:24:31 Check
20240711 15:24:34 Check
20240711 15:24:37 Check
20240711 15:24:40 Check
20240711 15:24:43 Check
20240711 15:24:46 Check
20240711 15:24:49 Check
20240711 15:24:52 Check
20240711 15:24:55 Check
20240711 15:24:58 Check
20240711 15:25:01 Check
20240711 15:25:04 Check
20240711 15:25:07 Check
20240711 15:25:10 Check
20240711 15:25:13 Check
20240711 15:25:16 Check
20240711 15:25:19 Check
20240711 15:25:22 Check
20240711 15:25:25 Check
20240711 15:25:28 Check
20240711 15:25:31 Check
20240711 15:25:34 Check
20240711 15:25:37 Check
20240711 15:25:40 Check
20240711 15:25:43 Check
20240711 15:25:46 Check
20240711 15:25:49 Check
20240711 15:25:52 Check
20240711 15:25:55 Check
20240711 15:25:58 Check
20240711 15:26:01 Check
20240711 15:26:04 Check
20240711 15:26:07 Check
20240711 15:26:10 Check
20240711 15:26:13 Check
20240711 15:26:16 Check
20240711 15:26:19 Check
20240711 15:26:22 Check
20240711 15:26:25 Check
20240711 15:26:28 Check
20240711 15:26:31 Check
20240711 15:26:34 Check
20240711 15:26:37 Check
20240711 15:26:40 Check
20240711 15:26:43 Check
20240711 15:26:46 Check
20240711 15:26:49 Check
20240711 15:26:52 Check
20240711 15:26:55 Check
20240711 15:26:58 Check
20240711 15:27:01 Check
20240711 15:27:04 Check
20240711 15:27:07 Check
20240711 15:27:10 Check
20240711 15:27:13 Check
20240711 15:27:16 Check
20240711 15:27:19 Check
20240711 15:27:22 Check
20240711 15:27:25 Check
20240711 15:27:28 Check
20240711 15:27:31 Check
20240711 15:27:34 Check
20240711 15:27:37 Check
20240711 15:27:40 Check
20240711 15:27:43 Check
20240711 15:27:46 Check
20240711 15:27:49 Check
20240711 15:27:52 Check
20240711 15:27:55 Check
20240711 15:27:58 Check
20240711 15:28:01 Check
20240711 15:28:04 Check
20240711 15:28:07 Check
20240711 15:28:10 Check
20240711 15:28:13 Check
20240711 15:28:16 Check
20240711 15:28:19 Check
20240711 15:28:22 Check
20240711 15:28:25 Check
20240711 15:28:28 Check
20240711 15:28:31 Check
20240711 15:28:34 Check
20240711 15:28:37 Check
20240711 15:28:40 Check
20240711 15:28:43 Check
20240711 15:28:46 Check
20240711 15:28:49 Check
20240711 15:28:52 Check
20240711 15:28:55 Check
20240711 15:28:58 Check
20240711 15:29:01 Check
20240711 15:29:04 Check
20240711 15:29:07 Check
20240711 15:29:10 Check
20240711 15:29:13 Check
20240711 15:29:16 Check
20240711 15:29:19 Check
20240711 15:29:22 Check
20240711 15:29:25 Check
20240711 15:29:28 Check
20240711 15:29:31 Check
20240711 15:29:34 Check
20240711 15:29:37 Check
20240711 15:29:40 Check
20240711 15:29:43 Check
20240711 15:29:46 Check
20240711 15:29:49 Check
20240711 15:29:52 Check
20240711 15:29:55 Check
20240711 15:29:58 Check
20240711 15:30:01 Check
20240711 15:30:04 Check
20240711 15:30:07 Check
20240711 15:30:10 Check
20240711 15:30:13 Check
20240711 15:30:16 Check
20240711 15:30:19 Check
20240711 15:30:22 Check
20240711 15:30:25 Check
20240711 15:30:28 Check
20240711 15:30:31 Check
20240711 15:30:34 Check
20240711 15:30:37 Check
20240711 15:30:40 Check
20240711 15:30:43 Check
20240711 15:30:46 Check
20240711 15:30:49 Check
20240711 15:30:53 Check
20240711 15:30:56 Check
20240711 15:30:59 Check
20240711 15:31:02 Check
20240711 15:31:05 Check
20240711 15:31:08 Check
20240711 15:31:11 Check
20240711 15:31:14 Check
20240711 15:31:17 Check
20240711 15:31:20 Check
20240711 15:31:23 Check
20240711 15:31:26 Check
20240711 15:31:29 Check
20240711 15:31:32 Check
20240711 15:31:35 Check
20240711 15:31:38 Check
20240711 15:31:41 Check
20240711 15:31:44 Check
20240711 15:31:47 Check
20240711 15:31:50 Check
20240711 15:31:53 Check
20240711 15:31:56 Check
20240711 15:31:59 Check
20240711 15:32:02 Check
20240711 15:32:05 Check
20240711 15:32:08 Check
20240711 15:32:11 Check
20240711 15:32:14 Check
20240711 15:32:17 Check
20240711 15:32:20 Check
20240711 15:32:23 Check
20240711 15:32:26 Check
20240711 15:32:29 Check
20240711 15:32:32 Check
20240711 15:32:35 Check
20240711 15:32:38 Check
20240711 15:32:41 Check
20240711 15:32:44 Check
20240711 15:32:47 Check
20240711 15:32:50 Check
20240711 15:32:53 Check
20240711 15:32:56 Check
20240711 15:32:59 Check
20240711 15:33:02 Check
20240711 15:33:05 Check
20240711 15:33:08 Check
20240711 15:33:11 Check
20240711 15:33:14 Check
20240711 15:33:17 Check
20240711 15:33:20 Check
20240711 15:33:23 Check
20240711 15:33:26 Check
20240711 15:33:29 Check
20240711 15:33:32 Check
20240711 15:33:35 Check
20240711 15:33:38 Check
20240711 15:33:41 Check
20240711 15:33:44 Check
20240711 15:33:47 Check
20240711 15:33:50 Check
20240711 15:33:53 Check
20240711 15:33:56 Check
20240711 15:33:59 Check
20240711 15:34:02 Check
20240711 15:34:05 Check
20240711 15:34:08 Check
20240711 15:34:11 Check
20240711 15:34:14 Check
20240711 15:34:17 Check
20240711 15:34:20 Check
20240711 15:34:23 Check
20240711 15:34:26 Check
20240711 15:34:29 Check
20240711 15:34:32 Check
20240711 15:34:35 Check
20240711 15:34:38 Check
20240711 15:34:41 Check
20240711 15:34:44 Check
20240711 15:34:47 Check
20240711 15:34:50 Check
20240711 15:34:53 Check
20240711 15:34:56 Check
20240711 15:34:59 Check
20240711 15:35:02 Check
20240711 15:35:05 Check
20240711 15:35:08 Check
20240711 15:35:11 Check
20240711 15:35:14 Check
20240711 15:35:17 Check
20240711 15:35:20 Check
20240711 15:35:23 Check
20240711 15:35:26 Check
20240711 15:35:29 Check
20240711 15:35:32 Check
20240711 15:35:35 Check
20240711 15:35:38 Check
20240711 15:35:41 Check
20240711 15:35:44 Check
20240711 15:35:47 Check
20240711 15:35:50 Check
20240711 15:35:53 Check
20240711 15:35:56 Check
20240711 15:35:59 Check
20240711 15:36:02 Check
20240711 15:36:05 Check
20240711 15:36:08 Check
20240711 15:36:11 Check
20240711 15:36:14 Check
20240711 15:36:17 Check
20240711 15:36:20 Check
20240711 15:36:23 Check
20240711 15:36:26 Check
20240711 15:36:29 Check
20240711 15:36:32 Check
20240711 15:36:35 Check
20240711 15:36:38 Check
20240711 15:36:41 Check
20240711 15:36:44 Check
20240711 15:36:47 Check
20240711 15:36:50 Check
20240711 15:36:53 Check
20240711 15:36:56 Check
20240711 15:36:59 Check
20240711 15:37:02 Check
20240711 15:37:05 Check
20240711 15:37:08 Check
20240711 15:37:11 Check
20240711 15:37:14 Check
20240711 15:37:17 Check
20240711 15:37:20 Check
20240711 15:37:23 Check
20240711 15:37:26 Check
20240711 15:37:29 Check
20240711 15:37:32 Check
20240711 15:37:35 Check
20240711 15:37:38 Check
20240711 15:37:41 Check
20240711 15:37:44 Check
20240711 15:37:47 Check
20240711 15:37:50 Check
20240711 15:37:53 Check
20240711 15:37:56 Check
20240711 15:37:59 Check
20240711 15:38:02 Check
20240711 15:38:05 Check
20240711 15:38:08 Check
20240711 15:38:11 Check
20240711 15:38:14 Check
20240711 15:38:17 Check
20240711 15:38:20 Check
20240711 15:38:23 Check
20240711 15:38:26 Check
